911008s1989    bl a     b   f001 0 por  
900801s1989    it            000 0 ita  
900711s1985    xx            000 0 spa  
940310s1993    bl           f100 0 por  
960729s1995    sp            000 0 spa  
951130s1994    sp            000 0 spa  
970703s1995    bl a         f101 0 por  
790328|||||    |||           000 0 eng  
770211s1976    enka     b    100 0 eng  
980527s1998    nyua     b    001 0 eng d
981125s1999    nyua     b    001 0 eng  
961011s1996    ne ab    b    101 0 eng  
950327s1993    sp ab    b    000 0 spa  
800220s1980    nyua     b    101 0 eng  
960304s1997    caua   j      000 1 eng  
920422s1993    flua     b    001 0 eng c
920108s1992    nyua     b    001 0 eng c
780926s1979    nyua     b    001 0 eng  
090202s2007    caua          001 0 eng d
960308s1996    inu           000 0 eng  
960404s1996    inu           000 0 eng  
970509s1996    enk           000 0 eng  
970428s1997    ne a     b    101 0 eng  
970827s1997    nyu           000 0 eng  
970715s1997    cau           000 0 eng  
971223s1998    inu           000 0 eng  
960410s1996    inu           000 0 eng  
990224s1999    cau           000 0 eng  
990713s2000    nyua          001 0 eng  
990713s2000    ctua     b    001 0 eng  
990315s1999    ja ab         000 0 eng  
990119s2000    azu           000 0 eng  
990517s2000    inua     b    001 0 eng  
690409s1969    nyu      b    001 0 eng  
950420q19861994le a     b    001 0 fre  
820112s1980    bl            000 0bpor  
881104s1989    nyua   j      000 1 eng  
891117s1987    sw sgn              ger  
890607p19871986sw ppn                   
880919t19881986sw syn   i               
880404p19871981sw sgn              fre  
850319s1984    vaua          000 0 eng  
810130q        xx   |||||||||||| ||fre| 
000320s2001    maua   a      000 1 eng  
000112s1998    dcu||||  |||||||| ||eng  
811201c19809999bl uu    ba  f0   b0por  
010524p19961995fi sun   i              d
001019s2000    fr a     b    001 0 fre  
770307s1976    sp       b    000 1 spa  
761117s1976    gw       b    000 1 ger  
860403n        xx            000 0 eng  
841203s1915    sp            000 0 spa  
860714n        xx            000 0 ita  
