20170123 05:44:30 PM	abcd	/central/dataentry/inicio_main.php	/ABCD/www/htdocs/central/dataentry/wxis/login.xis	&base=acces&cipar=/ABCD/www/bases/par/acces.par&login=abcd&password=adm&path_db=/ABCD/www/bases/&syspar=/ABCD/www/bases/par/syspar.par
20170123 05:44:30 PM	abcd	/central/dataentry/inicio_base.php	/ABCD/www/htdocs/central/dataentry/wxis/administrar.xis	&base=unicode&cipar=/ABCD/www/bases/par/unicode.par&Opcion=status&path_db=/ABCD/www/bases/&syspar=/ABCD/www/bases/par/syspar.par
20170123 05:44:36 PM	abcd	/central/dataentry/fmt.php	/ABCD/www/htdocs/central/dataentry/wxis/buscar.xis	&cipar=/ABCD/www/bases/par/unicode.par&Mfn=38&Opcion=ver&base=unicode&Formato=/ABCD/www/bases/unicode/pfts/en/unicode&path_db=/ABCD/www/bases/&syspar=/ABCD/www/bases/par/syspar.par
20170123 05:44:40 PM	abcd	/central/dataentry/inicio_base.php	/ABCD/www/htdocs/central/dataentry/wxis/administrar.xis	&base=rda&cipar=/ABCD/www/bases/par/rda.par&Opcion=status&path_db=/ABCD/www/bases/&syspar=/ABCD/www/bases/par/syspar.par
20170123 05:44:42 PM	abcd	/central/dataentry/fmt.php	/ABCD/www/htdocs/central/dataentry/wxis/buscar.xis	&cipar=/ABCD/www/bases/par/rda.par&Mfn=1148&Opcion=ver&base=rda&Formato=/ABCD/www/bases/rda/pfts/en/adrda&path_db=/ABCD/www/bases/&syspar=/ABCD/www/bases/par/syspar.par
20170123 05:44:44 PM	abcd	/central/dataentry/fmt.php	/ABCD/www/htdocs/central/dataentry/wxis/buscar.xis	&cipar=/ABCD/www/bases/par/rda.par&Mfn=1&Opcion=ver&base=rda&Formato=/ABCD/www/bases/rda/pfts/en/adrda&path_db=/ABCD/www/bases/&syspar=/ABCD/www/bases/par/syspar.par
20170123 05:44:48 PM	abcd	/central/dataentry/inicio_base.php	/ABCD/www/htdocs/central/dataentry/wxis/administrar.xis	&base=marc&cipar=/ABCD/www/bases/par/marc.par&Opcion=status&path_db=/ABCD/www/bases/&syspar=/ABCD/www/bases/par/syspar.par
20170123 05:44:50 PM	abcd	/central/dataentry/fmt.php	/ABCD/www/htdocs/central/dataentry/wxis/buscar.xis	&cipar=/ABCD/www/bases/par/marc.par&Mfn=53&Opcion=ver&base=marc&Formato=/ABCD/www/bases/marc/pfts/en/admarc&path_db=/ABCD/www/bases/&syspar=/ABCD/www/bases/par/syspar.par
20170123 05:44:55 PM	abcd	/central/dataentry/fmt.php	/ABCD/www/htdocs/central/dataentry/wxis/buscar.xis	&cipar=/ABCD/www/bases/par/marc.par&Mfn=1&Opcion=ver&base=marc&Formato=/ABCD/www/bases/marc/pfts/en/admarc&path_db=/ABCD/www/bases/&syspar=/ABCD/www/bases/par/syspar.par
20170123 05:44:57 PM	abcd	/central/dataentry/fmt.php	/ABCD/www/htdocs/central/dataentry/wxis/buscar.xis	&cipar=/ABCD/www/bases/par/marc.par&Mfn=1&Opcion=ver&base=marc&Formato=/ABCD/www/bases/marc/pfts/en/admarc&path_db=/ABCD/www/bases/&syspar=/ABCD/www/bases/par/syspar.par
20170123 05:45:08 PM	abcd	/central/dataentry/inicio_base.php	/ABCD/www/htdocs/central/dataentry/wxis/administrar.xis	&base=doaj&cipar=/ABCD/www/bases/par/doaj.par&Opcion=status&path_db=/ABCD/www/bases/&syspar=/ABCD/www/bases/par/syspar.par
20170123 05:45:10 PM	abcd	/central/dataentry/fmt.php	/ABCD/www/htdocs/central/dataentry/wxis/buscar.xis	&cipar=/ABCD/www/bases/par/doaj.par&Mfn=1&Opcion=ver&base=doaj&Formato=/ABCD/www/bases/doaj/pfts/en/doaj&path_db=/ABCD/www/bases/&syspar=/ABCD/www/bases/par/syspar.par
20170123 05:45:12 PM	abcd	/central/dataentry/fmt.php	/ABCD/www/htdocs/central/dataentry/wxis/buscar.xis	&cipar=/ABCD/www/bases/par/doaj.par&Mfn=8298&Opcion=ver&base=doaj&Formato=/ABCD/www/bases/doaj/pfts/en/doaj&path_db=/ABCD/www/bases/&syspar=/ABCD/www/bases/par/syspar.par
20170123 05:45:16 PM	abcd	/central/dataentry/inicio_base.php	/ABCD/www/htdocs/central/dataentry/wxis/administrar.xis	&base=marc&cipar=/ABCD/www/bases/par/marc.par&Opcion=status&path_db=/ABCD/www/bases/&syspar=/ABCD/www/bases/par/syspar.par
20170123 05:45:18 PM	abcd	/central/dataentry/fmt.php	/ABCD/www/htdocs/central/dataentry/wxis/buscar.xis	&cipar=/ABCD/www/bases/par/marc.par&Mfn=1&Opcion=ver&base=marc&Formato=/ABCD/www/bases/marc/pfts/en/admarc&path_db=/ABCD/www/bases/&syspar=/ABCD/www/bases/par/syspar.par
20170123 05:45:20 PM	abcd	/central/dataentry/fmt.php	/ABCD/www/htdocs/central/dataentry/wxis/buscar.xis	&cipar=/ABCD/www/bases/par/marc.par&Mfn=2&Opcion=ver&base=marc&Formato=/ABCD/www/bases/marc/pfts/en/admarc&path_db=/ABCD/www/bases/&syspar=/ABCD/www/bases/par/syspar.par
20170123 05:45:21 PM	abcd	/central/dataentry/fmt.php	/ABCD/www/htdocs/central/dataentry/wxis/buscar.xis	&cipar=/ABCD/www/bases/par/marc.par&Mfn=3&Opcion=ver&base=marc&Formato=/ABCD/www/bases/marc/pfts/en/admarc&path_db=/ABCD/www/bases/&syspar=/ABCD/www/bases/par/syspar.par
20170123 05:45:23 PM	abcd	/central/dataentry/fmt.php	/ABCD/www/htdocs/central/dataentry/wxis/buscar.xis	&cipar=/ABCD/www/bases/par/marc.par&Mfn=53&Opcion=ver&base=marc&Formato=/ABCD/www/bases/marc/pfts/en/admarc&path_db=/ABCD/www/bases/&syspar=/ABCD/www/bases/par/syspar.par
20170123 05:46:18 PM	abcd	/central/dataentry/inicio_main.php	/ABCD/www/htdocs/central/dataentry/wxis/login.xis	&base=acces&cipar=/ABCD/www/bases/par/acces.par&login=abcd&password=adm&path_db=/ABCD/www/bases/
20170123 05:46:19 PM	abcd	/central/dataentry/inicio_base.php	/ABCD/www/htdocs/central/dataentry/wxis/administrar.xis	&base=rda&cipar=/ABCD/www/bases/par/rda.par&Opcion=status&path_db=/ABCD/www/bases/
20170123 05:46:24 PM	abcd	/central/dataentry/inicio_base.php	/ABCD/www/htdocs/central/dataentry/wxis/administrar.xis	&base=unicode&cipar=/ABCD/www/bases/par/unicode.par&Opcion=status&path_db=/ABCD/www/bases/
20170123 05:46:30 PM	abcd	/central/dataentry/inicio_base.php	/ABCD/www/htdocs/central/dataentry/wxis/administrar.xis	&base=dubcore&cipar=/ABCD/www/bases/par/dubcore.par&Opcion=status&path_db=/ABCD/www/bases/
20170123 05:46:37 PM	abcd	/central/dataentry/fmt.php	/ABCD/www/htdocs/central/dataentry/wxis/buscar.xis	&cipar=/ABCD/www/bases/par/dubcore.par&Mfn=1&Opcion=ver&base=dubcore&Formato=/ABCD/www/bases/dubcore/pfts/en/dubcore&path_db=/ABCD/www/bases/
