20170117 07:34:52 AM	eds	/central/common/inicio.php	/ABCD/www/htdocs/central/dataentry/wxis/login.xis	IsisScript=/ABCD/www/htdocs/central/dataentry/wxis/login.xis&base=acces&cipar=/ABCD/www/bases/par/acces.par&login=eds&password=eeddss&path_db=/ABCD/www/bases/&cttype=s&syspar=/ABCD/www/bases/par/syspar.par
20170117 07:35:02 AM	eds	/central/dataentry/inicio_main.php	/ABCD/www/htdocs/central/dataentry/wxis/login.xis	IsisScript=/ABCD/www/htdocs/central/dataentry/wxis/login.xis&base=acces&cipar=/ABCD/www/bases/par/acces.par&login=eds&password=eeddss&path_db=/ABCD/www/bases/&cttype=s&syspar=/ABCD/www/bases/par/syspar.par
20170117 07:37:22 AM	eds	/central/dataentry/inicio_main.php	/ABCD/www/htdocs/central/dataentry/wxis/login.xis	IsisScript=/ABCD/www/htdocs/central/dataentry/wxis/login.xis&base=acces&cipar=/ABCD/www/bases/par/acces.par&login=eds&password=eeddss&path_db=/ABCD/www/bases/&cttype=s&syspar=/ABCD/www/bases/par/syspar.par
20170117 07:42:45 AM	eds	/central/dataentry/inicio_main.php	/ABCD/www/htdocs/central/dataentry/wxis/login.xis	IsisScript=/ABCD/www/htdocs/central/dataentry/wxis/login.xis&base=acces&cipar=/ABCD/www/bases/par/acces.par&login=eds&password=eeddss&path_db=/ABCD/www/bases/&cttype=s&syspar=/ABCD/www/bases/par/syspar.par
20170117 07:44:53 AM	eds	/central/dataentry/inicio_main.php	/ABCD/www/htdocs/central/dataentry/wxis/login.xis	IsisScript=/ABCD/www/htdocs/central/dataentry/wxis/login.xis&base=acces&cipar=/ABCD/www/bases/par/acces.par&login=eds&password=eeddss&path_db=/ABCD/www/bases/&cttype=s&syspar=/ABCD/www/bases/par/syspar.par
20170117 07:44:59 AM	eds	/central/dataentry/inicio_base.php	/ABCD/www/htdocs/central/dataentry/wxis/administrar.xis	IsisScript=/ABCD/www/htdocs/central/dataentry/wxis/administrar.xis&base=rda&cipar=/ABCD/www/bases/par/rda.par&Opcion=status&path_db=/ABCD/www/bases/&cttype=s&syspar=/ABCD/www/bases/par/syspar.par
20170117 02:35:32 PM	eds	/central/dataentry/inicio_main.php	/ABCD/www/htdocs/central/dataentry/wxis/login.xis	IsisScript=/ABCD/www/htdocs/central/dataentry/wxis/login.xis&base=acces&cipar=/ABCD/www/bases/par/acces.par&login=eds&password=eeddss&path_db=/ABCD/www/bases/&cttype=s&syspar=/ABCD/www/bases/par/syspar.par
20170117 02:35:38 PM	eds	/central/dataentry/inicio_base.php	/ABCD/www/htdocs/central/dataentry/wxis/administrar.xis	IsisScript=/ABCD/www/htdocs/central/dataentry/wxis/administrar.xis&base=rda&cipar=/ABCD/www/bases/par/rda.par&Opcion=status&path_db=/ABCD/www/bases/&cttype=s&syspar=/ABCD/www/bases/par/syspar.par
20170117 02:36:08 PM	abcd	/central/dataentry/inicio_main.php	/ABCD/www/htdocs/central/dataentry/wxis/login.xis	IsisScript=/ABCD/www/htdocs/central/dataentry/wxis/login.xis&base=acces&cipar=/ABCD/www/bases/par/acces.par&login=abcd&password=adm&path_db=/ABCD/www/bases/&cttype=s&syspar=/ABCD/www/bases/par/syspar.par
20170117 02:36:13 PM	abcd	/central/dataentry/inicio_base.php	/ABCD/www/htdocs/central/dataentry/wxis/administrar.xis	IsisScript=/ABCD/www/htdocs/central/dataentry/wxis/administrar.xis&base=rda&cipar=/ABCD/www/bases/par/rda.par&Opcion=status&path_db=/ABCD/www/bases/&cttype=s&syspar=/ABCD/www/bases/par/syspar.par
20170117 02:38:26 PM	abcd	/central/dataentry/inicio_main.php	/ABCD/www/htdocs/central/dataentry/wxis/login.xis	IsisScript=/ABCD/www/htdocs/central/dataentry/wxis/login.xis&base=acces&cipar=/ABCD/www/bases/par/acces.par&login=abcd&password=adm&path_db=/ABCD/www/bases/&cttype=s&syspar=/ABCD/www/bases/par/syspar.par
20170117 02:38:32 PM	abcd	/central/dataentry/inicio_base.php	/ABCD/www/htdocs/central/dataentry/wxis/administrar.xis	IsisScript=/ABCD/www/htdocs/central/dataentry/wxis/administrar.xis&base=rda&cipar=/ABCD/www/bases/par/rda.par&Opcion=status&path_db=/ABCD/www/bases/&cttype=s&syspar=/ABCD/www/bases/par/syspar.par
20170117 02:40:11 PM	abcd	/central/dataentry/inicio_main.php	/ABCD/www/htdocs/central/dataentry/wxis/login.xis	IsisScript=/ABCD/www/htdocs/central/dataentry/wxis/login.xis&base=acces&cipar=/ABCD/www/bases/par/acces.par&login=abcd&password=adm&path_db=/ABCD/www/bases/&cttype=s&syspar=/ABCD/www/bases/par/syspar.par
20170117 02:40:16 PM	abcd	/central/dataentry/inicio_base.php	/ABCD/www/htdocs/central/dataentry/wxis/administrar.xis	IsisScript=/ABCD/www/htdocs/central/dataentry/wxis/administrar.xis&base=rda&cipar=/ABCD/www/bases/par/rda.par&Opcion=status&path_db=/ABCD/www/bases/&cttype=s&syspar=/ABCD/www/bases/par/syspar.par
20170117 02:42:55 PM	abcd	/central/dataentry/inicio_main.php	/ABCD/www/htdocs/central/dataentry/wxis/login.xis	IsisScript=/ABCD/www/htdocs/central/dataentry/wxis/login.xis&base=acces&cipar=/ABCD/www/bases/par/acces.par&login=abcd&password=adm&path_db=/ABCD/www/bases/&cttype=s&syspar=/ABCD/www/bases/par/syspar.par
20170117 02:43:00 PM	abcd	/central/dataentry/inicio_base.php	/ABCD/www/htdocs/central/dataentry/wxis/administrar.xis	IsisScript=/ABCD/www/htdocs/central/dataentry/wxis/administrar.xis&base=rda&cipar=/ABCD/www/bases/par/rda.par&Opcion=status&path_db=/ABCD/www/bases/&cttype=s&syspar=/ABCD/www/bases/par/syspar.par
20170117 02:43:09 PM	abcd	/central/dataentry/fmt.php	/ABCD/www/htdocs/central/dataentry/wxis/buscar.xis	IsisScript=/ABCD/www/htdocs/central/dataentry/wxis/buscar.xis&cipar=/ABCD/www/bases/par/rda.par&Mfn=1148&Opcion=ver&base=rda&Formato=/ABCD/www/bases/rda/pfts/en/adrda&path_db=/ABCD/www/bases/&cttype=s&syspar=/ABCD/www/bases/par/syspar.par
20170117 02:45:20 PM	abcd	/central/dataentry/inicio_main.php	/ABCD/www/htdocs/central/dataentry/wxis/login.xis	IsisScript=/ABCD/www/htdocs/central/dataentry/wxis/login.xis&base=acces&cipar=/ABCD/www/bases/par/acces.par&login=abcd&password=adm&path_db=/ABCD/www/bases/&cttype=s&syspar=/ABCD/www/bases/par/syspar.par
20170117 02:45:25 PM	abcd	/central/dataentry/inicio_base.php	/ABCD/www/htdocs/central/dataentry/wxis/administrar.xis	IsisScript=/ABCD/www/htdocs/central/dataentry/wxis/administrar.xis&base=unicode&cipar=/ABCD/www/bases/par/unicode.par&Opcion=status&path_db=/ABCD/www/bases/&cttype=s&syspar=/ABCD/www/bases/par/syspar.par
20170117 02:45:34 PM	abcd	/central/dataentry/fmt.php	/ABCD/www/htdocs/central/dataentry/wxis/buscar.xis	IsisScript=/ABCD/www/htdocs/central/dataentry/wxis/buscar.xis&cipar=/ABCD/www/bases/par/unicode.par&Mfn=38&Opcion=ver&base=unicode&Formato=/ABCD/www/bases/unicode/pfts/en/unicode&path_db=/ABCD/www/bases/&cttype=s&syspar=/ABCD/www/bases/par/syspar.par
20170117 02:45:44 PM	abcd	/central/dataentry/inicio_base.php	/ABCD/www/htdocs/central/dataentry/wxis/administrar.xis	IsisScript=/ABCD/www/htdocs/central/dataentry/wxis/administrar.xis&base=marc&cipar=/ABCD/www/bases/par/marc.par&Opcion=status&path_db=/ABCD/www/bases/&cttype=s&syspar=/ABCD/www/bases/par/syspar.par
20170117 02:46:14 PM	abcd	/central/dataentry/fmt.php	/ABCD/www/htdocs/central/dataentry/wxis/buscar.xis	IsisScript=/ABCD/www/htdocs/central/dataentry/wxis/buscar.xis&cipar=/ABCD/www/bases/par/marc.par&Mfn=53&Opcion=ver&base=marc&Formato=/ABCD/www/bases/marc/pfts/en/admarc&path_db=/ABCD/www/bases/&cttype=s&syspar=/ABCD/www/bases/par/syspar.par
20170117 02:55:24 PM	abcd	/central/dataentry/inicio_base.php	/ABCD/www/htdocs/central/dataentry/wxis/administrar.xis	&base=unicode&cipar=/ABCD/www/bases/par/unicode.par&Opcion=status&path_db=/ABCD/www/bases/&syspar=/ABCD/www/bases/par/syspar.par
20170117 02:55:51 PM	abcd	/central/dataentry/inicio_base.php	/ABCD/www/htdocs/central/dataentry/wxis/administrar.xis	&base=marc&cipar=/ABCD/www/bases/par/marc.par&Opcion=status&path_db=/ABCD/www/bases/&syspar=/ABCD/www/bases/par/syspar.par
20170117 03:04:45 PM	abcd	/central/dataentry/fmt.php	/ABCD/www/htdocs/central/dataentry/wxis/buscar.xis	&cipar=/ABCD/www/bases/par/marc.par&Mfn=1&Opcion=ver&base=marc&Formato=/ABCD/www/bases/marc/pfts/en/admarc&path_db=/ABCD/www/bases/&syspar=/ABCD/www/bases/par/syspar.par
20170117 03:05:04 PM	abcd	/central/dataentry/inicio_base.php	/ABCD/www/htdocs/central/dataentry/wxis/administrar.xis	&base=unicode&cipar=/ABCD/www/bases/par/unicode.par&Opcion=status&path_db=/ABCD/www/bases/&syspar=/ABCD/www/bases/par/syspar.par
20170117 03:05:08 PM	abcd	/central/dataentry/fmt.php	/ABCD/www/htdocs/central/dataentry/wxis/buscar.xis	&cipar=/ABCD/www/bases/par/unicode.par&Mfn=38&Opcion=ver&base=unicode&Formato=/ABCD/www/bases/unicode/pfts/en/unicode&path_db=/ABCD/www/bases/&syspar=/ABCD/www/bases/par/syspar.par
20170117 03:05:14 PM	abcd	/central/dataentry/inicio_base.php	/ABCD/www/htdocs/central/dataentry/wxis/administrar.xis	&base=marc&cipar=/ABCD/www/bases/par/marc.par&Opcion=status&path_db=/ABCD/www/bases/&syspar=/ABCD/www/bases/par/syspar.par
20170117 03:06:10 PM	abcd	/central/dataentry/inicio_base.php	/ABCD/www/htdocs/central/dataentry/wxis/administrar.xis	&base=rda&cipar=/ABCD/www/bases/par/rda.par&Opcion=status&path_db=/ABCD/www/bases/&syspar=/ABCD/www/bases/par/syspar.par
20170117 03:11:33 PM	abcd	/central/dataentry/inicio_base.php	/ABCD/www/htdocs/central/dataentry/wxis/administrar.xis	&base=unicode&cipar=/ABCD/www/bases/par/unicode.par&Opcion=status&path_db=/ABCD/www/bases/&syspar=/ABCD/www/bases/par/syspar.par
20170117 03:11:44 PM	abcd	/central/dataentry/inicio_base.php	/ABCD/www/htdocs/central/dataentry/wxis/administrar.xis	&base=marc&cipar=/ABCD/www/bases/par/marc.par&Opcion=status&path_db=/ABCD/www/bases/&syspar=/ABCD/www/bases/par/syspar.par
20170117 03:11:56 PM	abcd	/central/dataentry/inicio_base.php	/ABCD/www/htdocs/central/dataentry/wxis/administrar.xis	&base=dubcore&cipar=/ABCD/www/bases/par/dubcore.par&Opcion=status&path_db=/ABCD/www/bases/&syspar=/ABCD/www/bases/par/syspar.par
20170117 03:12:11 PM	abcd	/central/dataentry/inicio_base.php	/ABCD/www/htdocs/central/dataentry/wxis/administrar.xis	&base=marc&cipar=/ABCD/www/bases/par/marc.par&Opcion=status&path_db=/ABCD/www/bases/&syspar=/ABCD/www/bases/par/syspar.par
20170117 03:12:15 PM	abcd	/central/dataentry/inicio_base.php	/ABCD/www/htdocs/central/dataentry/wxis/administrar.xis	&base=unicode&cipar=/ABCD/www/bases/par/unicode.par&Opcion=status&path_db=/ABCD/www/bases/&syspar=/ABCD/www/bases/par/syspar.par
20170117 03:15:10 PM	abcd	/central/common/inicio.php	/ABCD/www/htdocs/central/dataentry/wxis/login.xis	&base=acces&cipar=/ABCD/www/bases/par/acces.par&login=abcd&password=adm&path_db=/ABCD/www/bases/&syspar=/ABCD/www/bases/par/syspar.par
20170117 03:15:25 PM	abcd	/central/common/inicio.php	/ABCD/www/htdocs/central/dataentry/wxis/login.xis	&base=acces&cipar=/ABCD/www/bases/par/acces.par&login=abcd&password=adm&path_db=/ABCD/www/bases/&syspar=/ABCD/www/bases/par/syspar.par
20170117 03:15:31 PM	abcd	/central/dataentry/inicio_main.php	/ABCD/www/htdocs/central/dataentry/wxis/login.xis	&base=acces&cipar=/ABCD/www/bases/par/acces.par&login=abcd&password=adm&path_db=/ABCD/www/bases/&syspar=/ABCD/www/bases/par/syspar.par
20170117 03:15:31 PM	abcd	/central/dataentry/inicio_base.php	/ABCD/www/htdocs/central/dataentry/wxis/administrar.xis	&base=rda&cipar=/ABCD/www/bases/par/rda.par&Opcion=status&path_db=/ABCD/www/bases/&syspar=/ABCD/www/bases/par/syspar.par
20170117 03:15:38 PM	abcd	/central/dataentry/inicio_main.php	/ABCD/www/htdocs/central/dataentry/wxis/login.xis	&base=acces&cipar=/ABCD/www/bases/par/acces.par&login=abcd&password=adm&path_db=/ABCD/www/bases/&syspar=/ABCD/www/bases/par/syspar.par
20170117 03:15:39 PM	abcd	/central/dataentry/inicio_base.php	/ABCD/www/htdocs/central/dataentry/wxis/administrar.xis	&base=unicode&cipar=/ABCD/www/bases/par/unicode.par&Opcion=status&path_db=/ABCD/www/bases/&syspar=/ABCD/www/bases/par/syspar.par
20170117 03:15:49 PM	abcd	/central/dataentry/inicio_main.php	/ABCD/www/htdocs/central/dataentry/wxis/login.xis	&base=acces&cipar=/ABCD/www/bases/par/acces.par&login=abcd&password=adm&path_db=/ABCD/www/bases/&syspar=/ABCD/www/bases/par/syspar.par
20170117 03:15:49 PM	abcd	/central/dataentry/inicio_base.php	/ABCD/www/htdocs/central/dataentry/wxis/administrar.xis	&base=dubcore&cipar=/ABCD/www/bases/par/dubcore.par&Opcion=status&path_db=/ABCD/www/bases/&syspar=/ABCD/www/bases/par/syspar.par
20170117 03:15:54 PM	abcd	/central/dataentry/inicio_base.php	/ABCD/www/htdocs/central/dataentry/wxis/administrar.xis	&base=marc&cipar=/ABCD/www/bases/par/marc.par&Opcion=status&path_db=/ABCD/www/bases/&syspar=/ABCD/www/bases/par/syspar.par
20170117 03:15:58 PM	abcd	/central/dataentry/inicio_base.php	/ABCD/www/htdocs/central/dataentry/wxis/administrar.xis	&base=unicode&cipar=/ABCD/www/bases/par/unicode.par&Opcion=status&path_db=/ABCD/www/bases/&syspar=/ABCD/www/bases/par/syspar.par
20170117 03:16:02 PM	abcd	/central/dataentry/fmt.php	/ABCD/www/htdocs/central/dataentry/wxis/buscar.xis	&cipar=/ABCD/www/bases/par/unicode.par&Mfn=38&Opcion=ver&base=unicode&Formato=/ABCD/www/bases/unicode/pfts/en/unicode&path_db=/ABCD/www/bases/&syspar=/ABCD/www/bases/par/syspar.par
20170117 03:16:06 PM	abcd	/central/dataentry/inicio_base.php	/ABCD/www/htdocs/central/dataentry/wxis/administrar.xis	&base=rda&cipar=/ABCD/www/bases/par/rda.par&Opcion=status&path_db=/ABCD/www/bases/&syspar=/ABCD/www/bases/par/syspar.par
20170117 03:16:09 PM	abcd	/central/dataentry/fmt.php	/ABCD/www/htdocs/central/dataentry/wxis/buscar.xis	&cipar=/ABCD/www/bases/par/rda.par&Mfn=1&Opcion=ver&base=rda&Formato=/ABCD/www/bases/rda/pfts/en/adrda&path_db=/ABCD/www/bases/&syspar=/ABCD/www/bases/par/syspar.par
20170117 04:33:23 PM	eds	/central/dataentry/inicio_main.php	/ABCD/www/htdocs/central/dataentry/wxis/login.xis	IsisScript=/ABCD/www/htdocs/central/dataentry/wxis/login.xis&base=acces&cipar=/ABCD/www/bases/par/acces.par&login=eds&password=eeddss&path_db=/ABCD/www/bases/&cttype=s&syspar=/ABCD/www/bases/par/syspar.par
20170117 04:33:24 PM	eds	/central/dataentry/inicio_base.php	/ABCD/www/htdocs/central/dataentry/wxis/administrar.xis	IsisScript=/ABCD/www/htdocs/central/dataentry/wxis/administrar.xis&base=marc&cipar=/ABCD/www/bases/par/marc.par&Opcion=status&path_db=/ABCD/www/bases/&cttype=s&syspar=/ABCD/www/bases/par/syspar.par
20170117 04:33:39 PM	eds	/central/dataentry/inicio_base.php	/ABCD/www/htdocs/central/dataentry/wxis/administrar.xis	IsisScript=/ABCD/www/htdocs/central/dataentry/wxis/administrar.xis&base=rda&cipar=/ABCD/www/bases/par/rda.par&Opcion=status&path_db=/ABCD/www/bases/&cttype=s&syspar=/ABCD/www/bases/par/syspar.par
20170117 04:33:43 PM	eds	/central/dataentry/inicio_base.php	/ABCD/www/htdocs/central/dataentry/wxis/administrar.xis	IsisScript=/ABCD/www/htdocs/central/dataentry/wxis/administrar.xis&base=unicode&cipar=/ABCD/www/bases/par/unicode.par&Opcion=status&path_db=/ABCD/www/bases/&cttype=s&syspar=/ABCD/www/bases/par/syspar.par
20170117 04:33:46 PM	eds	/central/dataentry/fmt.php	/ABCD/www/htdocs/central/dataentry/wxis/buscar.xis	IsisScript=/ABCD/www/htdocs/central/dataentry/wxis/buscar.xis&cipar=/ABCD/www/bases/par/unicode.par&Mfn=38&Opcion=ver&base=unicode&Formato=/ABCD/www/bases/unicode/pfts/en/unicode&path_db=/ABCD/www/bases/&cttype=s&syspar=/ABCD/www/bases/par/syspar.par
20170117 04:33:52 PM	eds	/central/dataentry/inicio_base.php	/ABCD/www/htdocs/central/dataentry/wxis/administrar.xis	IsisScript=/ABCD/www/htdocs/central/dataentry/wxis/administrar.xis&base=dubcore&cipar=/ABCD/www/bases/par/dubcore.par&Opcion=status&path_db=/ABCD/www/bases/&cttype=s&syspar=/ABCD/www/bases/par/syspar.par
20170117 04:36:29 PM	eds	/central/dataentry/inicio_main.php	/ABCD/www/htdocs/central/dataentry/wxis/login.xis	IsisScript=/ABCD/www/htdocs/central/dataentry/wxis/login.xis&base=acces&cipar=/ABCD/www/bases/par/acces.par&login=eds&password=eeddss&path_db=/ABCD/www/bases/&cttype=s&syspar=/ABCD/www/bases/par/syspar.par
20170117 04:36:29 PM	eds	/central/dataentry/inicio_base.php	/ABCD/www/htdocs/central/dataentry/wxis/administrar.xis	IsisScript=/ABCD/www/htdocs/central/dataentry/wxis/administrar.xis&base=rda&cipar=/ABCD/www/bases/par/rda.par&Opcion=status&path_db=/ABCD/www/bases/&cttype=s&syspar=/ABCD/www/bases/par/syspar.par
20170117 04:38:04 PM	eds	/central/dataentry/inicio_main.php	/ABCD/www/htdocs/central/dataentry/wxis/login.xis	IsisScript=/ABCD/www/htdocs/central/dataentry/wxis/login.xis&base=acces&cipar=/ABCD/www/bases/par/acces.par&login=eds&password=eeddss&path_db=/ABCD/www/bases/&cttype=s&syspar=/ABCD/www/bases/par/syspar.par
20170117 04:38:04 PM	eds	/central/dataentry/inicio_base.php	/ABCD/www/htdocs/central/dataentry/wxis/administrar.xis	IsisScript=/ABCD/www/htdocs/central/dataentry/wxis/administrar.xis&base=rda&cipar=/ABCD/www/bases/par/rda.par&Opcion=status&path_db=/ABCD/www/bases/&cttype=s&syspar=/ABCD/www/bases/par/syspar.par
20170117 04:38:13 PM	eds	/central/dataentry/inicio_base.php	/ABCD/www/htdocs/central/dataentry/wxis/administrar.xis	IsisScript=/ABCD/www/htdocs/central/dataentry/wxis/administrar.xis&base=unicode&cipar=/ABCD/www/bases/par/unicode.par&Opcion=status&path_db=/ABCD/www/bases/&cttype=s&syspar=/ABCD/www/bases/par/syspar.par
20170117 04:38:16 PM	eds	/central/dataentry/inicio_base.php	/ABCD/www/htdocs/central/dataentry/wxis/administrar.xis	IsisScript=/ABCD/www/htdocs/central/dataentry/wxis/administrar.xis&base=marc&cipar=/ABCD/www/bases/par/marc.par&Opcion=status&path_db=/ABCD/www/bases/&cttype=s&syspar=/ABCD/www/bases/par/syspar.par
