20170125 03:06:29 PM	abcd	/central/dataentry/inicio_main.php	/ABCD/www/htdocs/central/dataentry/wxis/login.xis	&base=acces&cipar=/ABCD/www/bases/par/acces.par&login=abcd&password=adm&path_db=/ABCD/www/bases/
20170125 03:06:30 PM	abcd	/central/dataentry/inicio_base.php	/ABCD/www/htdocs/central/dataentry/wxis/administrar.xis	&base=unicode&cipar=/ABCD/www/bases/par/unicode.par&Opcion=status&path_db=/ABCD/www/bases/
20170125 03:06:34 PM	abcd	/central/dataentry/fmt.php	/ABCD/www/htdocs/central/dataentry/wxis/buscar.xis	&cipar=/ABCD/www/bases/par/unicode.par&Mfn=38&Opcion=ver&base=unicode&Formato=/ABCD/www/bases/unicode/pfts/en/unicode&path_db=/ABCD/www/bases/
20170125 03:06:40 PM	abcd	/central/dataentry/fmt.php	/ABCD/www/htdocs/central/dataentry/wxis/buscar.xis	&cipar=/ABCD/www/bases/par/unicode.par&Mfn=1&Opcion=ver&base=unicode&Formato=/ABCD/www/bases/unicode/pfts/en/unicode&path_db=/ABCD/www/bases/
20170125 03:06:45 PM	abcd	/central/dataentry/inicio_base.php	/ABCD/www/htdocs/central/dataentry/wxis/administrar.xis	&base=rda&cipar=/ABCD/www/bases/par/rda.par&Opcion=status&path_db=/ABCD/www/bases/
20170125 03:06:51 PM	abcd	/central/dataentry/inicio_base.php	/ABCD/www/htdocs/central/dataentry/wxis/administrar.xis	&base=marc&cipar=/ABCD/www/bases/par/marc.par&Opcion=status&path_db=/ABCD/www/bases/
20170125 03:06:53 PM	abcd	/central/dataentry/fmt.php	/ABCD/www/htdocs/central/dataentry/wxis/buscar.xis	&cipar=/ABCD/www/bases/par/marc.par&Mfn=1&Opcion=ver&base=marc&Formato=/ABCD/www/bases/marc/pfts/en/admarc&path_db=/ABCD/www/bases/
20170125 03:07:02 PM	abcd	/central/dataentry/fmt.php	/ABCD/www/htdocs/central/dataentry/wxis/buscar.xis	&cipar=/ABCD/www/bases/par/marc.par&Mfn=2&Opcion=ver&base=marc&Formato=/ABCD/www/bases/marc/pfts/en/admarc&path_db=/ABCD/www/bases/
20170125 03:11:51 PM	abcd	/central/dataentry/inicio_main.php	/ABCD/www/htdocs/central/dataentry/wxis/login.xis	&base=acces&cipar=/ABCD/www/bases/par/acces.par&login=abcd&password=adm&path_db=/ABCD/www/bases/
20170125 03:11:51 PM	abcd	/central/dataentry/inicio_base.php	/ABCD/www/htdocs/central/dataentry/wxis/administrar.xis	&base=rda&cipar=/ABCD/www/bases/par/rda.par&Opcion=status&path_db=/ABCD/www/bases/
20170125 03:11:57 PM	abcd	/central/dataentry/inicio_base.php	/ABCD/www/htdocs/central/dataentry/wxis/administrar.xis	&base=marc&cipar=/ABCD/www/bases/par/marc.par&Opcion=status&path_db=/ABCD/www/bases/
20170125 03:12:01 PM	abcd	/central/dataentry/inicio_base.php	/ABCD/www/htdocs/central/dataentry/wxis/administrar.xis	&base=projects&cipar=/ABCD/www/bases/par/projects.par&Opcion=status&path_db=/ABCD/www/bases/
20170125 03:33:36 PM	abcd	/central/dataentry/inicio_main.php	/ABCD/www/htdocs/central/dataentry/wxis/login.xis	&base=acces&cipar=/ABCD/www/bases/par/acces.par&login=abcd&password=adm&path_db=/ABCD/www/bases/
20170125 03:33:36 PM	abcd	/central/dataentry/inicio_base.php	/ABCD/www/htdocs/central/dataentry/wxis/administrar.xis	&base=rda&cipar=/ABCD/www/bases/par/rda.par&Opcion=status&path_db=/ABCD/www/bases/
20170125 03:33:44 PM	abcd	/central/dataentry/inicio_base.php	/ABCD/www/htdocs/central/dataentry/wxis/administrar.xis	&base=unicode&cipar=/ABCD/www/bases/par/unicode.par&Opcion=status&path_db=/ABCD/www/bases/
20170125 03:33:49 PM	abcd	/central/dataentry/inicio_base.php	/ABCD/www/htdocs/central/dataentry/wxis/administrar.xis	&base=marc&cipar=/ABCD/www/bases/par/marc.par&Opcion=status&path_db=/ABCD/www/bases/
20170125 03:33:54 PM	abcd	/central/dataentry/inicio_base.php	/ABCD/www/htdocs/central/dataentry/wxis/administrar.xis	&base=dubcore&cipar=/ABCD/www/bases/par/dubcore.par&Opcion=status&path_db=/ABCD/www/bases/
20170125 03:34:02 PM	abcd	/central/dataentry/inicio_base.php	/ABCD/www/htdocs/central/dataentry/wxis/administrar.xis	&base=projects&cipar=/ABCD/www/bases/par/projects.par&Opcion=status&path_db=/ABCD/www/bases/
20170125 03:50:32 PM	abcd	/central/dataentry/inicio_main.php	/ABCD/www/htdocs/central/dataentry/wxis/login.xis	&base=acces&cipar=/ABCD/www/bases/par/acces.par&login=abcd&password=adm&path_db=/ABCD/www/bases/
20170125 03:51:34 PM	abcd	/central/common/inicio.php	/ABCD/www/htdocs/central/dataentry/wxis/login.xis	&base=acces&cipar=/ABCD/www/bases/par/acces.par&login=abcd&password=adm&path_db=/ABCD/www/bases/
20170125 03:53:28 PM	abcd	/central/common/inicio.php	/ABCD/www/htdocs/central/dataentry/wxis/login.xis	&base=acces&cipar=/ABCD/www/bases/par/acces.par&login=abcd&password=adm&path_db=/ABCD/www/bases/
20170125 03:53:33 PM	abcd	/central/dataentry/inicio_main.php	/ABCD/www/htdocs/central/dataentry/wxis/login.xis	&base=acces&cipar=/ABCD/www/bases/par/acces.par&login=abcd&password=adm&path_db=/ABCD/www/bases/
20170125 03:54:52 PM	abcd	/central/dataentry/inicio_main.php	/ABCD/www/htdocs/central/dataentry/wxis/login.xis	&base=acces&cipar=/ABCD/www/bases/par/acces.par&login=abcd&password=adm&path_db=/ABCD/www/bases/
20170125 03:54:52 PM	abcd	/central/dataentry/inicio_base.php	/ABCD/www/htdocs/central/dataentry/wxis/administrar.xis	&base=rda&cipar=/ABCD/www/bases/par/rda.par&Opcion=status&path_db=/ABCD/www/bases/
20170125 03:55:00 PM	abcd	/central/dataentry/inicio_base.php	/ABCD/www/htdocs/central/dataentry/wxis/administrar.xis	&base=unicode&cipar=/ABCD/www/bases/par/unicode.par&Opcion=status&path_db=/ABCD/www/bases/
20170125 03:55:06 PM	abcd	/central/dataentry/inicio_base.php	/ABCD/www/htdocs/central/dataentry/wxis/administrar.xis	&base=marc&cipar=/ABCD/www/bases/par/marc.par&Opcion=status&path_db=/ABCD/www/bases/
20170125 03:55:10 PM	abcd	/central/dataentry/inicio_base.php	/ABCD/www/htdocs/central/dataentry/wxis/administrar.xis	&base=dubcore&cipar=/ABCD/www/bases/par/dubcore.par&Opcion=status&path_db=/ABCD/www/bases/
