20170127 09:15:02 AM	abcd	/central/dataentry/inicio_main.php	/ABCD/www/htdocs/central/dataentry/wxis/login.xis	&base=acces&cipar=/ABCD/www/bases/par/acces.par&login=abcd&password=adm&path_db=/ABCD/www/bases/
20170127 09:16:55 AM	abcd	/central/dataentry/inicio_main.php	/ABCD/www/htdocs/central/dataentry/wxis/login.xis	&base=acces&cipar=/ABCD/www/bases/par/acces.par&login=abcd&password=adm&path_db=/ABCD/www/bases/
20170127 09:17:22 AM	abcd	/central/dataentry/inicio_main.php	/ABCD/www/htdocs/central/dataentry/wxis/login.xis	&base=acces&cipar=/ABCD/www/bases/par/acces.par&login=abcd&password=adm&path_db=/ABCD/www/bases/
20170127 09:17:25 AM	abcd	/central/dataentry/inicio_main.php	/ABCD/www/htdocs/central/dataentry/wxis/login.xis	&base=acces&cipar=/ABCD/www/bases/par/acces.par&login=abcd&password=adm&path_db=/ABCD/www/bases/
20170127 09:18:17 AM	abcd	/central/dataentry/inicio_main.php	/ABCD/www/htdocs/central/dataentry/wxis/login.xis	&base=acces&cipar=/ABCD/www/bases/par/acces.par&login=abcd&password=adm&path_db=/ABCD/www/bases/
20170127 09:47:24 AM	abcd	/central/dataentry/inicio_main.php	/ABCD/www/htdocs/central/dataentry/wxis/login.xis	&base=acces&cipar=/ABCD/www/bases/par/acces.par&login=abcd&password=adm&path_db=/ABCD/www/bases/
20170127 09:49:30 AM	abcd	/central/dataentry/inicio_main.php	/ABCD/www/htdocs/central/dataentry/wxis/login.xis	&base=acces&cipar=/ABCD/www/bases/par/acces.par&login=abcd&password=adm&path_db=/ABCD/www/bases/
20170127 09:49:38 AM	abcd	/central/dataentry/inicio_main.php	/ABCD/www/htdocs/central/dataentry/wxis/login.xis	&base=acces&cipar=/ABCD/www/bases/par/acces.par&login=abcd&password=adm&path_db=/ABCD/www/bases/
20170127 10:16:04 AM	abcd	/central/dataentry/inicio_main.php	/ABCD/www/htdocs/central/dataentry/wxis/login.xis	&base=acces&cipar=/ABCD/www/bases/par/acces.par&login=abcd&password=adm&path_db=/ABCD/www/bases/
20170127 10:26:14 AM	abcd	/central/dataentry/inicio_main.php	/ABCD/www/htdocs/central/dataentry/wxis/login.xis	&base=acces&cipar=/ABCD/www/bases/par/acces.par&login=abcd&password=adm&path_db=/ABCD/www/bases/
20170127 10:26:50 AM	abcd	/central/dataentry/inicio_main.php	/ABCD/www/htdocs/central/dataentry/wxis/login.xis	&base=acces&cipar=/ABCD/www/bases/par/acces.par&login=abcd&password=adm&path_db=/ABCD/www/bases/
20170127 10:42:26 AM	abcd	/central/dataentry/inicio_main.php	/ABCD/www/htdocs/central/dataentry/wxis/login.xis	&base=acces&cipar=/ABCD/www/bases/par/acces.par&login=abcd&password=adm&path_db=/ABCD/www/bases/
20170127 10:43:03 AM	abcd	/central/dataentry/inicio_main.php	/ABCD/www/htdocs/central/dataentry/wxis/login.xis	&base=acces&cipar=/ABCD/www/bases/par/acces.par&login=abcd&password=adm&path_db=/ABCD/www/bases/
20170127 10:43:12 AM	abcd	/central/dataentry/inicio_main.php	/ABCD/www/htdocs/central/dataentry/wxis/login.xis	&base=acces&cipar=/ABCD/www/bases/par/acces.par&login=abcd&password=adm&path_db=/ABCD/www/bases/
20170127 10:55:18 AM	abcd	/central/dataentry/inicio_main.php	/ABCD/www/htdocs/central/dataentry/wxis/login.xis	&base=acces&cipar=/ABCD/www/bases/par/acces.par&login=abcd&password=adm&path_db=/ABCD/www/bases/
20170127 11:00:30 AM	abcd	/central/dataentry/inicio_main.php	/ABCD/www/htdocs/central/dataentry/wxis/login.xis	&base=acces&cipar=/ABCD/www/bases/par/acces.par&login=abcd&password=adm&path_db=/ABCD/www/bases/
20170127 11:00:31 AM	abcd	/central/dataentry/inicio_base.php	/ABCD/www/htdocs/central/dataentry/wxis/administrar.xis	&base=marc&cipar=/ABCD/www/bases/par/marc.par&Opcion=status&path_db=/ABCD/www/bases/
20170127 11:00:32 AM	abcd	/central/dataentry/fmt.php	/ABCD/www/htdocs/central/dataentry/wxis/buscar.xis	&cipar=/ABCD/www/bases/par/marc.par&Mfn=1&Opcion=ver&base=marc&Formato=/ABCD/www/bases/marc/pfts/en/admarc&path_db=/ABCD/www/bases/
20170127 01:20:43 PM	abcd	/central/dataentry/inicio_main.php	/ABCD/www/htdocs/central/dataentry/wxis/login.xis	&base=acces&cipar=/ABCD/www/bases/par/acces.par&login=abcd&password=adm&path_db=/ABCD/www/bases/
20170127 01:21:48 PM	abcd	/central/dataentry/inicio_main.php	/ABCD/www/htdocs/central/dataentry/wxis/login.xis	&base=acces&cipar=/ABCD/www/bases/par/acces.par&login=abcd&password=adm&path_db=/ABCD/www/bases/
20170127 01:22:07 PM	abcd	/central/dataentry/inicio_main.php	/ABCD/www/htdocs/central/dataentry/wxis/login.xis	&base=acces&cipar=/ABCD/www/bases/par/acces.par&login=abcd&password=adm&path_db=/ABCD/www/bases/
20170127 01:22:32 PM	abcd	/central/dataentry/inicio_main.php	/ABCD/www/htdocs/central/dataentry/wxis/login.xis	&base=acces&cipar=/ABCD/www/bases/par/acces.par&login=abcd&password=adm&path_db=/ABCD/www/bases/
20170127 01:22:33 PM	abcd	/central/dataentry/inicio_base.php	/ABCD/www/htdocs/central/dataentry/wxis/administrar.xis	&base=unicode&cipar=/ABCD/www/bases/par/unicode.par&Opcion=status&path_db=/ABCD/www/bases/
20170127 01:22:38 PM	abcd	/central/dataentry/inicio_base.php	/ABCD/www/htdocs/central/dataentry/wxis/administrar.xis	&base=marc&cipar=/ABCD/www/bases/par/marc.par&Opcion=status&path_db=/ABCD/www/bases/
20170127 01:22:43 PM	abcd	/central/dataentry/inicio_base.php	/ABCD/www/htdocs/central/dataentry/wxis/administrar.xis	&base=rda&cipar=/ABCD/www/bases/par/rda.par&Opcion=status&path_db=/ABCD/www/bases/
20170127 01:22:58 PM	abcd	/central/dataentry/inicio_main.php	/ABCD/www/htdocs/central/dataentry/wxis/login.xis	&base=acces&cipar=/ABCD/www/bases/par/acces.par&login=abcd&password=adm&path_db=/ABCD/www/bases/
20170127 01:22:59 PM	abcd	/central/dataentry/inicio_base.php	/ABCD/www/htdocs/central/dataentry/wxis/administrar.xis	&base=rda&cipar=/ABCD/www/bases/par/rda.par&Opcion=status&path_db=/ABCD/www/bases/
20170127 01:23:06 PM	abcd	/central/dataentry/inicio_base.php	/ABCD/www/htdocs/central/dataentry/wxis/administrar.xis	&base=unicode&cipar=/ABCD/www/bases/par/unicode.par&Opcion=status&path_db=/ABCD/www/bases/
20170127 01:23:09 PM	abcd	/central/dataentry/inicio_base.php	/ABCD/www/htdocs/central/dataentry/wxis/administrar.xis	&base=marc&cipar=/ABCD/www/bases/par/marc.par&Opcion=status&path_db=/ABCD/www/bases/
20170127 01:23:14 PM	abcd	/central/dataentry/inicio_base.php	/ABCD/www/htdocs/central/dataentry/wxis/administrar.xis	&base=dubcore&cipar=/ABCD/www/bases/par/dubcore.par&Opcion=status&path_db=/ABCD/www/bases/
20170127 01:36:07 PM	abcd	/central/dataentry/inicio_main.php	/ABCD/www/htdocs/central/dataentry/wxis/login.xis	&base=acces&cipar=/ABCD/www/bases/par/acces.par&login=abcd&password=adm&path_db=/ABCD/www/bases/&syspar=/ABCD/www/bases/par/syspar.par
20170127 01:36:07 PM	abcd	/central/dataentry/inicio_base.php	/ABCD/www/htdocs/central/dataentry/wxis/administrar.xis	&base=rda&cipar=/ABCD/www/bases/par/rda.par&Opcion=status&path_db=/ABCD/www/bases/&syspar=/ABCD/www/bases/par/syspar.par
20170127 01:36:14 PM	abcd	/central/dataentry/inicio_base.php	/ABCD/www/htdocs/central/dataentry/wxis/administrar.xis	&base=unicode&cipar=/ABCD/www/bases/par/unicode.par&Opcion=status&path_db=/ABCD/www/bases/&syspar=/ABCD/www/bases/par/syspar.par
20170127 01:36:16 PM	abcd	/central/dataentry/fmt.php	/ABCD/www/htdocs/central/dataentry/wxis/buscar.xis	&cipar=/ABCD/www/bases/par/unicode.par&Mfn=1&Opcion=ver&base=unicode&Formato=/ABCD/www/bases/unicode/pfts/en/unicode&path_db=/ABCD/www/bases/&syspar=/ABCD/www/bases/par/syspar.par
20170127 01:36:18 PM	abcd	/central/dataentry/fmt.php	/ABCD/www/htdocs/central/dataentry/wxis/buscar.xis	&cipar=/ABCD/www/bases/par/unicode.par&Mfn=38&Opcion=ver&base=unicode&Formato=/ABCD/www/bases/unicode/pfts/en/unicode&path_db=/ABCD/www/bases/&syspar=/ABCD/www/bases/par/syspar.par
20170127 01:36:22 PM	abcd	/central/dataentry/inicio_base.php	/ABCD/www/htdocs/central/dataentry/wxis/administrar.xis	&base=marc&cipar=/ABCD/www/bases/par/marc.par&Opcion=status&path_db=/ABCD/www/bases/&syspar=/ABCD/www/bases/par/syspar.par
20170127 01:36:29 PM	abcd	/central/dataentry/inicio_base.php	/ABCD/www/htdocs/central/dataentry/wxis/administrar.xis	&base=dubcore&cipar=/ABCD/www/bases/par/dubcore.par&Opcion=status&path_db=/ABCD/www/bases/&syspar=/ABCD/www/bases/par/syspar.par
